flask/logging.py
    F 31:0 has_level_handler - A (5)
    F 58:0 create_logger - A (4)
    F 16:0 wsgi_errors_stream - A (2)
flask/sessions.py
    C 280:0 SecureCookieSessionInterface - A (5)
    M 326:4 SecureCookieSessionInterface.save_session - A (5)
    M 312:4 SecureCookieSessionInterface.open_session - A (4)
    M 237:4 SessionInterface.should_set_cookie - A (3)
    C 24:0 SessionMixin - A (2)
    C 53:0 SecureCookieSession - A (2)
    C 95:0 NullSession - A (2)
    C 112:0 SessionInterface - A (2)
    M 199:4 SessionInterface.get_cookie_path - A (2)
    M 227:4 SessionInterface.get_expiration_time - A (2)
    M 299:4 SecureCookieSessionInterface.get_signing_serializer - A (2)
    M 28:4 SessionMixin.permanent - A (1)
    M 33:4 SessionMixin.permanent - A (1)
    M 75:4 SecureCookieSession.__init__ - A (1)
    M 82:4 SecureCookieSession.__getitem__ - A (1)
    M 86:4 SecureCookieSession.get - A (1)
    M 90:4 SecureCookieSession.setdefault - A (1)
    M 101:4 NullSession._fail - A (1)
    M 162:4 SessionInterface.make_null_session - A (1)
    M 174:4 SessionInterface.is_null_session - A (1)
    M 183:4 SessionInterface.get_cookie_name - A (1)
    M 187:4 SessionInterface.get_cookie_domain - A (1)
    M 207:4 SessionInterface.get_cookie_httponly - A (1)
    M 214:4 SessionInterface.get_cookie_secure - A (1)
    M 220:4 SessionInterface.get_cookie_samesite - A (1)
    M 253:4 SessionInterface.open_session - A (1)
    M 267:4 SessionInterface.save_session - A (1)
flask/config.py
    M 128:4 Config.from_prefixed_env - B (7)
    C 52:0 Config - A (5)
    M 261:4 Config.from_file - A (5)
    M 328:4 Config.get_namespace - A (5)
    M 192:4 Config.from_pyfile - A (4)
    M 223:4 Config.from_object - A (4)
    M 309:4 Config.from_mapping - A (4)
    M 37:4 ConfigAttribute.__get__ - A (3)
    M 104:4 Config.from_envvar - A (3)
    C 20:0 ConfigAttribute - A (2)
    M 96:4 Config.__init__ - A (2)
    M 23:4 ConfigAttribute.__init__ - A (1)
    M 30:4 ConfigAttribute.__get__ - A (1)
    M 34:4 ConfigAttribute.__get__ - A (1)
    M 48:4 ConfigAttribute.__set__ - A (1)
    M 371:4 Config.__repr__ - A (1)
flask/templating.py
    M 67:4 DispatchingJinjaLoader._get_source_explained - A (5)
    M 111:4 DispatchingJinjaLoader.list_templates - A (5)
    C 52:0 DispatchingJinjaLoader - A (4)
    M 101:4 DispatchingJinjaLoader._iter_loaders - A (4)
    F 24:0 _default_template_ctx_processor - A (3)
    C 39:0 Environment - A (3)
    M 91:4 DispatchingJinjaLoader._get_source_fast - A (3)
    F 165:0 _stream - A (2)
    M 45:4 Environment.__init__ - A (2)
    M 60:4 DispatchingJinjaLoader.get_source - A (2)
    F 126:0 _render - A (1)
    F 138:0 render_template - A (1)
    F 153:0 render_template_string - A (1)
    F 188:0 stream_template - A (1)
    F 207:0 stream_template_string - A (1)
    M 57:4 DispatchingJinjaLoader.__init__ - A (1)
flask/__init__.py
    F 46:0 __getattr__ - A (2)
flask/blueprints.py
    C 16:0 Blueprint - A (3)
    M 17:4 Blueprint.get_send_file_max_age - A (3)
    M 44:4 Blueprint.send_static_file - A (2)
    M 66:4 Blueprint.open_resource - A (2)
flask/cli.py
    F 1045:0 routes_command - C (18)
    F 120:0 find_app_by_string - C (14)
    F 41:0 find_best_app - C (12)
    F 812:0 _validate_key - B (10)
    F 689:0 load_dotenv - B (9)
    M 321:4 ScriptInfo.load_app - B (8)
    F 200:0 prepare_import - B (6)
    F 985:0 shell_command - B (6)
    C 295:0 ScriptInfo - B (6)
    M 775:4 CertParamType.convert - B (6)
    F 243:0 locate_app - A (5)
    F 750:0 show_server_banner - A (5)
    F 919:0 run_command - A (5)
    C 516:0 FlaskGroup - A (5)
    M 545:4 FlaskGroup.__init__ - A (5)
    M 599:4 FlaskGroup.get_command - A (5)
    C 764:0 CertParamType - A (5)
    F 456:0 _set_debug - A (4)
    M 582:4 FlaskGroup._load_plugin_commands - A (4)
    M 647:4 FlaskGroup.make_context - A (4)
    F 94:0 _called_with_wrong_args - A (3)
    F 269:0 get_version - A (3)
    F 481:0 _env_file_callback - A (3)
    M 626:4 FlaskGroup.list_commands - A (3)
    M 671:4 FlaskGroup.parse_args - A (3)
    C 851:0 SeparatedPathType - A (3)
    F 428:0 _set_app - A (2)
    C 393:0 AppGroup - A (2)
    M 857:4 SeparatedPathType.convert - A (2)
    F 230:0 locate_app - A (1)
    F 237:0 locate_app - A (1)
    F 368:0 with_appcontext - A (1)
    F 682:0 _path_is_ancestor - A (1)
    F 1106:0 main - A (1)
    C 37:0 NoAppException - A (1)
    M 304:4 ScriptInfo.__init__ - A (1)
    M 401:4 AppGroup.command - A (1)
    M 417:4 AppGroup.group - A (1)
    M 772:4 CertParamType.__init__ - A (1)
flask/wrappers.py
    M 114:4 Request._load_form_data - A (5)
    C 18:0 Request - A (4)
    M 129:4 Request.on_json_loading_failed - A (4)
    M 79:4 Request.blueprint - A (3)
    C 139:0 Response - A (3)
    M 56:4 Request.max_content_length - A (2)
    M 64:4 Request.endpoint - A (2)
    M 98:4 Request.blueprints - A (2)
    M 164:4 Response.max_cookie_size - A (2)
flask/app.py
    M 1082:4 Flask.make_response - C (16)
    M 499:4 Flask.run - C (12)
    M 956:4 Flask.url_for - C (12)
    M 1223:4 Flask.preprocess_request - B (8)
    M 732:4 Flask.handle_user_exception - B (7)
    M 764:4 Flask.handle_exception - B (6)
    M 1250:4 Flask.process_response - B (6)
    M 1431:4 Flask.wsgi_app - B (6)
    C 79:0 Flask - A (5)
    M 391:4 Flask.create_url_adapter - A (5)
    M 431:4 Flask.raise_routing_exception - A (5)
    M 459:4 Flask.update_template_context - A (5)
    M 1278:4 Flask.do_teardown_request - A (5)
    M 351:4 Flask.create_jinja_environment - A (4)
    M 697:4 Flask.handle_http_exception - A (4)
    M 832:4 Flask.dispatch_request - A (4)
    F 72:0 _make_timedelta - A (3)
    M 218:4 Flask.__init__ - A (3)
    M 263:4 Flask.get_send_file_max_age - A (3)
    M 857:4 Flask.full_dispatch_request - A (3)
    M 875:4 Flask.finalize_request - A (3)
    M 1312:4 Flask.do_teardown_appcontext - A (3)
    M 290:4 Flask.send_static_file - A (2)
    M 312:4 Flask.open_resource - A (2)
    M 487:4 Flask.make_shell_context - A (2)
    M 622:4 Flask.test_client - A (2)
    M 680:4 Flask.test_cli_runner - A (2)
    M 919:4 Flask.ensure_sync - A (2)
    M 933:4 Flask.async_to_sync - A (2)
    M 339:4 Flask.open_instance_resource - A (1)
    M 817:4 Flask.log_exception - A (1)
    M 906:4 Flask.make_default_options_response - A (1)
    M 1338:4 Flask.app_context - A (1)
    M 1359:4 Flask.request_context - A (1)
    M 1375:4 Flask.test_request_context - A (1)
    M 1481:4 Flask.__call__ - A (1)
flask/debughelpers.py
    F 124:0 explain_template_loading_attempts - C (13)
    F 107:0 _dump_loader_info - B (8)
    C 50:0 FormDataRoutingRedirect - A (4)
    C 23:0 DebugFilesKeyError - A (3)
    M 28:4 DebugFilesKeyError.__init__ - A (3)
    M 57:4 FormDataRoutingRedirect.__init__ - A (3)
    F 81:0 attach_enctype_error_multidict - A (1)
    C 17:0 UnexpectedUnicodeError - A (1)
    M 46:4 DebugFilesKeyError.__str__ - A (1)
flask/ctx.py
    M 396:4 RequestContext.pop - B (7)
    M 367:4 RequestContext.push - B (6)
    M 256:4 AppContext.pop - A (4)
    C 287:0 RequestContext - A (3)
    M 309:4 RequestContext.__init__ - A (3)
    F 117:0 after_this_request - A (2)
    F 155:0 copy_current_request_context - A (2)
    C 29:0 _AppCtxGlobals - A (2)
    M 52:4 _AppCtxGlobals.__getattr__ - A (2)
    M 61:4 _AppCtxGlobals.__delattr__ - A (2)
    M 78:4 _AppCtxGlobals.pop - A (2)
    M 110:4 _AppCtxGlobals.__repr__ - A (2)
    C 238:0 AppContext - A (2)
    M 357:4 RequestContext.match_request - A (2)
    F 196:0 has_request_context - A (1)
    F 228:0 has_app_context - A (1)
    M 58:4 _AppCtxGlobals.__setattr__ - A (1)
    M 67:4 _AppCtxGlobals.get - A (1)
    M 92:4 _AppCtxGlobals.setdefault - A (1)
    M 104:4 _AppCtxGlobals.__contains__ - A (1)
    M 107:4 _AppCtxGlobals.__iter__ - A (1)
    M 245:4 AppContext.__init__ - A (1)
    M 251:4 AppContext.push - A (1)
    M 274:4 AppContext.__enter__ - A (1)
    M 278:4 AppContext.__exit__ - A (1)
    M 337:4 RequestContext.copy - A (1)
    M 433:4 RequestContext.__enter__ - A (1)
    M 437:4 RequestContext.__exit__ - A (1)
    M 445:4 RequestContext.__repr__ - A (1)
flask/testing.py
    M 48:4 EnvironBuilder.__init__ - B (10)
    C 26:0 EnvironBuilder - B (7)
    M 204:4 FlaskClient.open - B (7)
    M 136:4 FlaskClient.session_transaction - A (4)
    C 109:0 FlaskClient - A (3)
    C 265:0 FlaskCliRunner - A (3)
    M 275:4 FlaskCliRunner.invoke - A (3)
    F 100:0 _get_werkzeug_version - A (2)
    M 185:4 FlaskClient._copy_environ - A (2)
    M 249:4 FlaskClient.__enter__ - A (2)
    M 88:4 EnvironBuilder.json_dumps - A (1)
    M 125:4 FlaskClient.__init__ - A (1)
    M 193:4 FlaskClient._request_from_builder_args - A (1)
    M 255:4 FlaskClient.__exit__ - A (1)
    M 271:4 FlaskCliRunner.__init__ - A (1)
flask/helpers.py
    F 557:0 get_root_path - B (10)
    F 333:0 get_flashed_messages - B (6)
    F 127:0 make_response - A (3)
    F 27:0 get_debug_flag - A (2)
    F 35:0 get_load_dotenv - A (2)
    F 50:0 stream_with_context - A (2)
    F 230:0 redirect - A (2)
    F 254:0 abort - A (2)
    F 375:0 _prepare_send_file_kwargs - A (2)
    F 615:0 _split_blueprint_path - A (2)
    F 176:0 url_for - A (1)
    F 277:0 get_template_attribute - A (1)
    F 299:0 flash - A (1)
    F 388:0 send_file - A (1)
    F 514:0 send_from_directory - A (1)
flask/views.py
    C 138:0 MethodView - B (7)
    M 165:4 MethodView.__init_subclass__ - B (7)
    C 16:0 View - A (4)
    M 86:4 View.as_view - A (4)
    M 182:4 MethodView.dispatch_request - A (4)
    M 78:4 View.dispatch_request - A (1)
flask/sansio/blueprints.py
    M 273:4 Blueprint.register - D (23)
    M 379:4 Blueprint._merge_blueprint_funcs - B (6)
    M 413:4 Blueprint.add_url_rule - B (6)
    C 34:0 BlueprintSetupState - A (5)
    M 87:4 BlueprintSetupState.add_url_rule - A (5)
    M 174:4 Blueprint.__init__ - A (4)
    M 41:4 BlueprintSetupState.__init__ - A (3)
    C 119:0 Blueprint - A (3)
    M 213:4 Blueprint._check_setup_finished - A (2)
    M 256:4 Blueprint.register_blueprint - A (2)
    M 224:4 Blueprint.record - A (1)
    M 233:4 Blueprint.record_once - A (1)
    M 246:4 Blueprint.make_setup_state - A (1)
    M 444:4 Blueprint.app_template_filter - A (1)
    M 461:4 Blueprint.add_app_template_filter - A (1)
    M 478:4 Blueprint.app_template_test - A (1)
    M 497:4 Blueprint.add_app_template_test - A (1)
    M 516:4 Blueprint.app_template_global - A (1)
    M 535:4 Blueprint.add_app_template_global - A (1)
    M 554:4 Blueprint.before_app_request - A (1)
    M 564:4 Blueprint.after_app_request - A (1)
    M 574:4 Blueprint.teardown_app_request - A (1)
    M 584:4 Blueprint.app_context_processor - A (1)
    M 596:4 Blueprint.app_errorhandler - A (1)
    M 613:4 Blueprint.app_url_value_preprocessor - A (1)
    M 625:4 Blueprint.app_url_defaults - A (1)
flask/sansio/app.py
    M 609:4 App.add_url_rule - C (12)
    M 827:4 App._find_error_handler - B (7)
    M 852:4 App.trap_http_exception - B (6)
    M 936:4 App.handle_url_build_error - B (6)
    M 915:4 App.inject_url_defaults - A (5)
    F 52:0 _make_timedelta - A (3)
    C 59:0 App - A (3)
    M 282:4 App.__init__ - A (3)
    M 430:4 App.name - A (3)
    M 417:4 App._check_setup_finished - A (2)
    M 486:4 App.make_config - A (2)
    M 514:4 App.auto_find_instance_path - A (2)
    M 540:4 App.select_jinja_autoescape - A (2)
    M 567:4 App.debug - A (2)
    M 690:4 App.add_template_filter - A (2)
    M 731:4 App.add_template_test - A (2)
    M 769:4 App.add_template_global - A (2)
    M 447:4 App.logger - A (1)
    M 474:4 App.jinja_env - A (1)
    M 483:4 App.create_jinja_environment - A (1)
    M 502:4 App.make_aborter - A (1)
    M 527:4 App.create_global_jinja_loader - A (1)
    M 554:4 App.debug - A (1)
    M 574:4 App.register_blueprint - A (1)
    M 601:4 App.iter_blueprints - A (1)
    M 668:4 App.template_filter - A (1)
    M 702:4 App.template_test - A (1)
    M 745:4 App.template_global - A (1)
    M 783:4 App.teardown_appcontext - A (1)
    M 817:4 App.shell_context_processor - A (1)
    M 887:4 App.should_ignore_error - A (1)
    M 897:4 App.redirect - A (1)
flask/sansio/scaffold.py
    F 722:0 _find_package_path - B (10)
    M 661:4 Scaffold._get_exc_class_and_code - B (6)
    F 767:0 find_package - A (5)
    M 253:4 Scaffold.static_url_path - A (3)
    F 705:0 _endpoint_from_view_func - A (2)
    F 713:0 _path_is_relative_to - A (2)
    C 51:0 Scaffold - A (2)
    M 73:4 Scaffold.__init__ - A (2)
    M 228:4 Scaffold.static_folder - A (2)
    M 238:4 Scaffold.static_folder - A (2)
    M 269:4 Scaffold.static_url_path - A (2)
    M 276:4 Scaffold.jinja_loader - A (2)
    M 288:4 Scaffold._method_route - A (2)
    F 41:0 setupmethod - A (1)
    M 221:4 Scaffold.__repr__ - A (1)
    M 224:4 Scaffold._check_setup_finished - A (1)
    M 245:4 Scaffold.has_static_folder - A (1)
    M 300:4 Scaffold.get - A (1)
    M 308:4 Scaffold.post - A (1)
    M 316:4 Scaffold.put - A (1)
    M 324:4 Scaffold.delete - A (1)
    M 332:4 Scaffold.patch - A (1)
    M 340:4 Scaffold.route - A (1)
    M 372:4 Scaffold.add_url_rule - A (1)
    M 440:4 Scaffold.endpoint - A (1)
    M 464:4 Scaffold.before_request - A (1)
    M 491:4 Scaffold.after_request - A (1)
    M 512:4 Scaffold.teardown_request - A (1)
    M 546:4 Scaffold.context_processor - A (1)
    M 563:4 Scaffold.url_value_preprocessor - A (1)
    M 588:4 Scaffold.url_defaults - A (1)
    M 602:4 Scaffold.errorhandler - A (1)
    M 646:4 Scaffold.register_error_handler - A (1)
flask/json/provider.py
    M 75:4 JSONProvider._prepare_response_obj - B (7)
    F 108:0 _default - B (6)
    M 189:4 DefaultJSONProvider.response - A (4)
    C 19:0 JSONProvider - A (3)
    C 124:0 DefaultJSONProvider - A (3)
    M 38:4 JSONProvider.__init__ - A (1)
    M 41:4 JSONProvider.dumps - A (1)
    M 49:4 JSONProvider.dump - A (1)
    M 59:4 JSONProvider.loads - A (1)
    M 67:4 JSONProvider.load - A (1)
    M 89:4 JSONProvider.response - A (1)
    M 166:4 DefaultJSONProvider.dumps - A (1)
    M 181:4 DefaultJSONProvider.loads - A (1)
flask/json/__init__.py
    F 13:0 dumps - A (2)
    F 47:0 dump - A (2)
    F 77:0 loads - A (2)
    F 108:0 load - A (2)
    F 138:0 jsonify - A (1)
flask/json/tag.py
    M 255:4 TaggedJSONSerializer.register - A (5)
    M 308:4 TaggedJSONSerializer._untag_scan - A (5)
    C 218:0 TaggedJSONSerializer - A (4)
    C 92:0 TagDict - A (3)
    M 102:4 TagDict.check - A (3)
    C 118:0 PassDict - A (3)
    C 146:0 PassList - A (3)
    M 288:4 TaggedJSONSerializer.tag - A (3)
    M 296:4 TaggedJSONSerializer.untag - A (3)
    C 59:0 JSONTag - A (2)
    M 124:4 PassDict.to_json - A (2)
    C 132:0 TagTuple - A (2)
    M 139:4 TagTuple.to_json - A (2)
    M 152:4 PassList.to_json - A (2)
    C 158:0 TagBytes - A (2)
    C 172:0 TagMarkup - A (2)
    C 190:0 TagUUID - A (2)
    C 204:0 TagDateTime - A (2)
    M 248:4 TaggedJSONSerializer.__init__ - A (2)
    M 68:4 JSONTag.__init__ - A (1)
    M 72:4 JSONTag.check - A (1)
    M 76:4 JSONTag.to_json - A (1)
    M 81:4 JSONTag.to_python - A (1)
    M 86:4 JSONTag.tag - A (1)
    M 109:4 TagDict.to_json - A (1)
    M 113:4 TagDict.to_python - A (1)
    M 121:4 PassDict.check - A (1)
    M 136:4 TagTuple.check - A (1)
    M 142:4 TagTuple.to_python - A (1)
    M 149:4 PassList.check - A (1)
    M 162:4 TagBytes.check - A (1)
    M 165:4 TagBytes.to_json - A (1)
    M 168:4 TagBytes.to_python - A (1)
    M 180:4 TagMarkup.check - A (1)
    M 183:4 TagMarkup.to_json - A (1)
    M 186:4 TagMarkup.to_python - A (1)
    M 194:4 TagUUID.check - A (1)
    M 197:4 TagUUID.to_json - A (1)
    M 200:4 TagUUID.to_python - A (1)
    M 208:4 TagDateTime.check - A (1)
    M 211:4 TagDateTime.to_json - A (1)
    M 214:4 TagDateTime.to_python - A (1)
    M 320:4 TaggedJSONSerializer.dumps - A (1)
    M 324:4 TaggedJSONSerializer.loads - A (1)
