flask/logging.py
    LOC: 79
    LLOC: 35
    SLOC: 34
    Comments: 6
    Single comments: 2
    Multi: 19
    Blank: 24
    - Comment Stats
        (C % L): 8%
        (C % S): 18%
        (C + M % L): 32%
flask/signals.py
    LOC: 17
    LLOC: 13
    SLOC: 13
    Comments: 1
    Single comments: 1
    Multi: 0
    Blank: 3
    - Comment Stats
        (C % L): 6%
        (C % S): 8%
        (C + M % L): 6%
flask/sessions.py
    LOC: 371
    LLOC: 139
    SLOC: 154
    Comments: 52
    Single comments: 43
    Multi: 103
    Blank: 71
    - Comment Stats
        (C % L): 14%
        (C % S): 34%
        (C + M % L): 42%
flask/config.py
    LOC: 372
    LLOC: 131
    SLOC: 144
    Comments: 7
    Single comments: 6
    Multi: 140
    Blank: 82
    - Comment Stats
        (C % L): 2%
        (C % S): 5%
        (C + M % L): 40%
flask/templating.py
    LOC: 219
    LLOC: 125
    SLOC: 137
    Comments: 6
    Single comments: 1
    Multi: 35
    Blank: 46
    - Comment Stats
        (C % L): 3%
        (C % S): 4%
        (C + M % L): 19%
flask/globals.py
    LOC: 51
    LLOC: 29
    SLOC: 43
    Comments: 7
    Single comments: 0
    Multi: 0
    Blank: 8
    - Comment Stats
        (C % L): 14%
        (C % S): 16%
        (C + M % L): 14%
flask/__init__.py
    LOC: 60
    LLOC: 48
    SLOC: 54
    Comments: 0
    Single comments: 0
    Multi: 0
    Blank: 6
    - Comment Stats
        (C % L): 0%
        (C % S): 0%
        (C + M % L): 0%
flask/blueprints.py
    LOC: 91
    LLOC: 30
    SLOC: 29
    Comments: 5
    Single comments: 2
    Multi: 35
    Blank: 25
    - Comment Stats
        (C % L): 5%
        (C % S): 17%
        (C + M % L): 44%
flask/cli.py
    LOC: 1111
    LLOC: 484
    SLOC: 685
    Comments: 90
    Single comments: 82
    Multi: 118
    Blank: 226
    - Comment Stats
        (C % L): 8%
        (C % S): 13%
        (C + M % L): 19%
flask/wrappers.py
    LOC: 174
    LLOC: 72
    SLOC: 65
    Comments: 24
    Single comments: 20
    Multi: 45
    Blank: 44
    - Comment Stats
        (C % L): 14%
        (C % S): 37%
        (C + M % L): 40%
flask/app.py
    LOC: 1488
    LLOC: 453
    SLOC: 591
    Comments: 92
    Single comments: 66
    Multi: 558
    Blank: 273
    - Comment Stats
        (C % L): 6%
        (C % S): 16%
        (C + M % L): 44%
flask/debughelpers.py
    LOC: 178
    LLOC: 97
    SLOC: 129
    Comments: 1
    Single comments: 1
    Multi: 16
    Blank: 32
    - Comment Stats
        (C % L): 1%
        (C % S): 1%
        (C + M % L): 10%
flask/ctx.py
    LOC: 449
    LLOC: 183
    SLOC: 199
    Comments: 24
    Single comments: 18
    Multi: 132
    Blank: 100
    - Comment Stats
        (C % L): 5%
        (C % S): 12%
        (C + M % L): 35%
flask/typing.py
    LOC: 90
    LLOC: 25
    SLOC: 66
    Comments: 20
    Single comments: 14
    Multi: 0
    Blank: 10
    - Comment Stats
        (C % L): 22%
        (C % S): 30%
        (C + M % L): 22%
flask/testing.py
    LOC: 298
    LLOC: 130
    SLOC: 170
    Comments: 11
    Single comments: 6
    Multi: 61
    Blank: 61
    - Comment Stats
        (C % L): 4%
        (C % S): 6%
        (C + M % L): 24%
flask/helpers.py
    LOC: 621
    LLOC: 137
    SLOC: 190
    Comments: 37
    Single comments: 27
    Multi: 277
    Blank: 127
    - Comment Stats
        (C % L): 6%
        (C % S): 19%
        (C + M % L): 51%
flask/__main__.py
    LOC: 3
    LLOC: 2
    SLOC: 2
    Comments: 0
    Single comments: 0
    Multi: 0
    Blank: 1
    - Comment Stats
        (C % L): 0%
        (C % S): 0%
        (C + M % L): 0%
flask/views.py
    LOC: 191
    LLOC: 63
    SLOC: 61
    Comments: 37
    Single comments: 29
    Multi: 56
    Blank: 45
    - Comment Stats
        (C % L): 19%
        (C % S): 61%
        (C + M % L): 49%
flask/sansio/blueprints.py
    LOC: 632
    LLOC: 262
    SLOC: 345
    Comments: 19
    Single comments: 15
    Multi: 164
    Blank: 108
    - Comment Stats
        (C % L): 3%
        (C % S): 6%
        (C + M % L): 29%
flask/sansio/app.py
    LOC: 968
    LLOC: 284
    SLOC: 321
    Comments: 168
    Single comments: 161
    Multi: 317
    Blank: 169
    - Comment Stats
        (C % L): 17%
        (C % S): 52%
        (C + M % L): 50%
flask/sansio/scaffold.py
    LOC: 805
    LLOC: 261
    SLOC: 294
    Comments: 114
    Single comments: 113
    Multi: 245
    Blank: 153
    - Comment Stats
        (C % L): 14%
        (C % S): 39%
        (C + M % L): 45%
flask/json/provider.py
    LOC: 215
    LLOC: 84
    SLOC: 69
    Comments: 2
    Single comments: 1
    Multi: 93
    Blank: 52
    - Comment Stats
        (C % L): 1%
        (C % S): 3%
        (C + M % L): 44%
flask/json/__init__.py
    LOC: 170
    LLOC: 33
    SLOC: 28
    Comments: 2
    Single comments: 0
    Multi: 94
    Blank: 48
    - Comment Stats
        (C % L): 1%
        (C % S): 7%
        (C + M % L): 56%
flask/json/tag.py
    LOC: 326
    LLOC: 159
    SLOC: 154
    Comments: 9
    Single comments: 16
    Multi: 66
    Blank: 90
    - Comment Stats
        (C % L): 3%
        (C % S): 6%
        (C + M % L): 23%
