flask/logging.py - A
flask/signals.py - A
flask/sessions.py - A
flask/config.py - A
flask/templating.py - A
flask/globals.py - A
flask/__init__.py - A
flask/blueprints.py - A
flask/cli.py - A
flask/wrappers.py - A
flask/app.py - A
flask/debughelpers.py - A
flask/ctx.py - A
flask/typing.py - A
flask/testing.py - A
flask/helpers.py - A
flask/__main__.py - A
flask/views.py - A
flask/sansio/blueprints.py - A
flask/sansio/app.py - A
flask/sansio/scaffold.py - A
flask/json/provider.py - A
flask/json/__init__.py - A
flask/json/tag.py - A
